\BOOKMARK [1][-]{section.1}{Introduction}{}% 1
\BOOKMARK [1][-]{section.2}{Code\040Page}{}% 2
\BOOKMARK [1][-]{section.3}{Execution}{}% 3
\BOOKMARK [1][-]{section.4}{Types}{}% 4
\BOOKMARK [2][-]{subsection.4.1}{Numbers}{section.4}% 5
\BOOKMARK [2][-]{subsection.4.2}{Mathematical\040Objects}{section.4}% 6
\BOOKMARK [2][-]{subsection.4.3}{Computer\040Science\040Objects}{section.4}% 7
\BOOKMARK [2][-]{subsection.4.4}{Games}{section.4}% 8
\BOOKMARK [2][-]{subsection.4.5}{Miscellaneous}{section.4}% 9
\BOOKMARK [1][-]{section.5}{Operators}{}% 10
\BOOKMARK [2][-]{subsection.5.1}{Null}{section.5}% 11
\BOOKMARK [2][-]{subsection.5.2}{Top}{section.5}% 12
\BOOKMARK [2][-]{subsection.5.3}{Plus\040Minus}{section.5}% 13
\BOOKMARK [2][-]{subsection.5.4}{Degrees}{section.5}% 14
\BOOKMARK [2][-]{subsection.5.5}{Not}{section.5}% 15
\BOOKMARK [2][-]{subsection.5.6}{Cent}{section.5}% 16
\BOOKMARK [2][-]{subsection.5.7}{Pound}{section.5}% 17
\BOOKMARK [2][-]{subsection.5.8}{Graph}{section.5}% 18
\BOOKMARK [2][-]{subsection.5.9}{Split}{section.5}% 19
\BOOKMARK [2][-]{subsection.5.10}{Slit}{section.5}% 20
\BOOKMARK [2][-]{subsection.5.11}{Drop}{section.5}% 21
\BOOKMARK [2][-]{subsection.5.12}{Shift\040Left}{section.5}% 22
\BOOKMARK [2][-]{subsection.5.13}{Shift\040Right}{section.5}% 23
\BOOKMARK [2][-]{subsection.5.14}{Convolve}{section.5}% 24
\BOOKMARK [2][-]{subsection.5.15}{Bet}{section.5}% 25
\BOOKMARK [2][-]{subsection.5.16}{Spade}{section.5}% 26
\BOOKMARK [2][-]{subsection.5.17}{Bump}{section.5}% 27
\BOOKMARK [2][-]{subsection.5.18}{Enter}{section.5}% 28
\BOOKMARK [2][-]{subsection.5.19}{Sharp\040S}{section.5}% 29
\BOOKMARK [2][-]{subsection.5.20}{Win}{section.5}% 30
\BOOKMARK [2][-]{subsection.5.21}{Yogh}{section.5}% 31
\BOOKMARK [2][-]{subsection.5.22}{Not\040End}{section.5}% 32
\BOOKMARK [2][-]{subsection.5.23}{Mu}{section.5}% 33
\BOOKMARK [2][-]{subsection.5.24}{Reciprocal}{section.5}% 34
\BOOKMARK [2][-]{subsection.5.25}{Back}{section.5}% 35
\BOOKMARK [2][-]{subsection.5.26}{Forward}{section.5}% 36
\BOOKMARK [2][-]{subsection.5.27}{Back\040and\040Forth}{section.5}% 37
\BOOKMARK [2][-]{subsection.5.28}{Irony}{section.5}% 38
\BOOKMARK [2][-]{subsection.5.29}{Die}{section.5}% 39
\BOOKMARK [2][-]{subsection.5.30}{Flat}{section.5}% 40
\BOOKMARK [2][-]{subsection.5.31}{Sharp}{section.5}% 41
\BOOKMARK [2][-]{subsection.5.32}{Through}{section.5}% 42
\BOOKMARK [2][-]{subsection.5.33}{Space}{section.5}% 43
\BOOKMARK [2][-]{subsection.5.34}{Bang}{section.5}% 44
\BOOKMARK [2][-]{subsection.5.35}{Quote}{section.5}% 45
\BOOKMARK [2][-]{subsection.5.36}{Number}{section.5}% 46
\BOOKMARK [2][-]{subsection.5.37}{Money}{section.5}% 47
\BOOKMARK [2][-]{subsection.5.38}{Percent}{section.5}% 48
\BOOKMARK [2][-]{subsection.5.39}{And}{section.5}% 49
\BOOKMARK [2][-]{subsection.5.40}{Apostrophe}{section.5}% 50
\BOOKMARK [2][-]{subsection.5.41}{Open}{section.5}% 51
\BOOKMARK [2][-]{subsection.5.42}{Close}{section.5}% 52
\BOOKMARK [2][-]{subsection.5.43}{Star}{section.5}% 53
\BOOKMARK [2][-]{subsection.5.44}{Plus}{section.5}% 54
\BOOKMARK [2][-]{subsection.5.45}{Comma}{section.5}% 55
\BOOKMARK [2][-]{subsection.5.46}{Minus}{section.5}% 56
\BOOKMARK [2][-]{subsection.5.47}{Dot}{section.5}% 57
\BOOKMARK [2][-]{subsection.5.48}{Slash}{section.5}% 58
\BOOKMARK [2][-]{subsection.5.49}{Zero}{section.5}% 59
\BOOKMARK [2][-]{subsection.5.50}{One}{section.5}% 60
\BOOKMARK [2][-]{subsection.5.51}{Two}{section.5}% 61
\BOOKMARK [2][-]{subsection.5.52}{Three}{section.5}% 62
\BOOKMARK [2][-]{subsection.5.53}{Four}{section.5}% 63
\BOOKMARK [2][-]{subsection.5.54}{Five}{section.5}% 64
\BOOKMARK [2][-]{subsection.5.55}{Six}{section.5}% 65
\BOOKMARK [2][-]{subsection.5.56}{Seven}{section.5}% 66
\BOOKMARK [2][-]{subsection.5.57}{Eight}{section.5}% 67
\BOOKMARK [2][-]{subsection.5.58}{Nine}{section.5}% 68
\BOOKMARK [2][-]{subsection.5.59}{Colon}{section.5}% 69
\BOOKMARK [2][-]{subsection.5.60}{Semi-colon}{section.5}% 70
\BOOKMARK [2][-]{subsection.5.61}{Less}{section.5}% 71
\BOOKMARK [2][-]{subsection.5.62}{Equals}{section.5}% 72
\BOOKMARK [2][-]{subsection.5.63}{Greater}{section.5}% 73
\BOOKMARK [2][-]{subsection.5.64}{Query}{section.5}% 74
\BOOKMARK [2][-]{subsection.5.65}{At}{section.5}% 75
\BOOKMARK [2][-]{subsection.5.66}{A}{section.5}% 76
\BOOKMARK [2][-]{subsection.5.67}{B}{section.5}% 77
\BOOKMARK [2][-]{subsection.5.68}{C}{section.5}% 78
\BOOKMARK [2][-]{subsection.5.69}{D}{section.5}% 79
\BOOKMARK [2][-]{subsection.5.70}{E}{section.5}% 80
\BOOKMARK [2][-]{subsection.5.71}{F}{section.5}% 81
\BOOKMARK [2][-]{subsection.5.72}{G}{section.5}% 82
\BOOKMARK [2][-]{subsection.5.73}{H}{section.5}% 83
\BOOKMARK [2][-]{subsection.5.74}{I}{section.5}% 84
\BOOKMARK [2][-]{subsection.5.75}{J}{section.5}% 85
\BOOKMARK [2][-]{subsection.5.76}{K}{section.5}% 86
\BOOKMARK [2][-]{subsection.5.77}{L}{section.5}% 87
\BOOKMARK [2][-]{subsection.5.78}{M}{section.5}% 88
\BOOKMARK [2][-]{subsection.5.79}{N}{section.5}% 89
\BOOKMARK [2][-]{subsection.5.80}{O}{section.5}% 90
\BOOKMARK [2][-]{subsection.5.81}{P}{section.5}% 91
\BOOKMARK [2][-]{subsection.5.82}{Q}{section.5}% 92
\BOOKMARK [2][-]{subsection.5.83}{R}{section.5}% 93
\BOOKMARK [2][-]{subsection.5.84}{S}{section.5}% 94
\BOOKMARK [2][-]{subsection.5.85}{T}{section.5}% 95
\BOOKMARK [2][-]{subsection.5.86}{U}{section.5}% 96
\BOOKMARK [2][-]{subsection.5.87}{V}{section.5}% 97
\BOOKMARK [2][-]{subsection.5.88}{W}{section.5}% 98
\BOOKMARK [2][-]{subsection.5.89}{X}{section.5}% 99
\BOOKMARK [2][-]{subsection.5.90}{Y}{section.5}% 100
\BOOKMARK [2][-]{subsection.5.91}{Z}{section.5}% 101
\BOOKMARK [2][-]{subsection.5.92}{Start}{section.5}% 102
\BOOKMARK [2][-]{subsection.5.93}{Backslash}{section.5}% 103
\BOOKMARK [2][-]{subsection.5.94}{End}{section.5}% 104
\BOOKMARK [2][-]{subsection.5.95}{Up}{section.5}% 105
\BOOKMARK [2][-]{subsection.5.96}{Under}{section.5}% 106
\BOOKMARK [2][-]{subsection.5.97}{Tick}{section.5}% 107
\BOOKMARK [2][-]{subsection.5.98}{a}{section.5}% 108
\BOOKMARK [2][-]{subsection.5.99}{b}{section.5}% 109
\BOOKMARK [2][-]{subsection.5.100}{c}{section.5}% 110
\BOOKMARK [2][-]{subsection.5.101}{d}{section.5}% 111
\BOOKMARK [2][-]{subsection.5.102}{e}{section.5}% 112
\BOOKMARK [2][-]{subsection.5.103}{f}{section.5}% 113
\BOOKMARK [2][-]{subsection.5.104}{g}{section.5}% 114
\BOOKMARK [2][-]{subsection.5.105}{h}{section.5}% 115
\BOOKMARK [2][-]{subsection.5.106}{i}{section.5}% 116
\BOOKMARK [2][-]{subsection.5.107}{j}{section.5}% 117
\BOOKMARK [2][-]{subsection.5.108}{k}{section.5}% 118
\BOOKMARK [2][-]{subsection.5.109}{l}{section.5}% 119
\BOOKMARK [2][-]{subsection.5.110}{m}{section.5}% 120
\BOOKMARK [2][-]{subsection.5.111}{n}{section.5}% 121
\BOOKMARK [2][-]{subsection.5.112}{o}{section.5}% 122
\BOOKMARK [2][-]{subsection.5.113}{p}{section.5}% 123
\BOOKMARK [2][-]{subsection.5.114}{q}{section.5}% 124
\BOOKMARK [2][-]{subsection.5.115}{r}{section.5}% 125
\BOOKMARK [2][-]{subsection.5.116}{s}{section.5}% 126
\BOOKMARK [2][-]{subsection.5.117}{t}{section.5}% 127
\BOOKMARK [2][-]{subsection.5.118}{u}{section.5}% 128
\BOOKMARK [2][-]{subsection.5.119}{v}{section.5}% 129
\BOOKMARK [2][-]{subsection.5.120}{w}{section.5}% 130
\BOOKMARK [2][-]{subsection.5.121}{x}{section.5}% 131
\BOOKMARK [2][-]{subsection.5.122}{y}{section.5}% 132
\BOOKMARK [2][-]{subsection.5.123}{z}{section.5}% 133
\BOOKMARK [2][-]{subsection.5.124}{Begin}{section.5}% 134
\BOOKMARK [2][-]{subsection.5.125}{Pipe}{section.5}% 135
\BOOKMARK [2][-]{subsection.5.126}{End}{section.5}% 136
\BOOKMARK [2][-]{subsection.5.127}{Tilde}{section.5}% 137
\BOOKMARK [2][-]{subsection.5.128}{Divide}{section.5}% 138
\BOOKMARK [2][-]{subsection.5.129}{Universal}{section.5}% 139
\BOOKMARK [2][-]{subsection.5.130}{Existential}{section.5}% 140
\BOOKMARK [2][-]{subsection.5.131}{Non\040Existential}{section.5}% 141
\BOOKMARK [2][-]{subsection.5.132}{Increment}{section.5}% 142
\BOOKMARK [2][-]{subsection.5.133}{Decrement}{section.5}% 143
\BOOKMARK [2][-]{subsection.5.134}{In}{section.5}% 144
\BOOKMARK [2][-]{subsection.5.135}{Not\040In}{section.5}% 145
\BOOKMARK [2][-]{subsection.5.136}{Box}{section.5}% 146
\BOOKMARK [2][-]{subsection.5.137}{Product}{section.5}% 147
\BOOKMARK [2][-]{subsection.5.138}{Sum}{section.5}% 148
\BOOKMARK [2][-]{subsection.5.139}{Root}{section.5}% 149
\BOOKMARK [2][-]{subsection.5.140}{Infinity}{section.5}% 150
\BOOKMARK [2][-]{subsection.5.141}{Conjunction}{section.5}% 151
\BOOKMARK [2][-]{subsection.5.142}{Disjunction}{section.5}% 152
\BOOKMARK [2][-]{subsection.5.143}{Intersection}{section.5}% 153
\BOOKMARK [2][-]{subsection.5.144}{Union}{section.5}% 154
\BOOKMARK [2][-]{subsection.5.145}{Integral}{section.5}% 155
\BOOKMARK [2][-]{subsection.5.146}{Therefore}{section.5}% 156
\BOOKMARK [2][-]{subsection.5.147}{Because}{section.5}% 157
\BOOKMARK [2][-]{subsection.5.148}{Define}{section.5}% 158
\BOOKMARK [2][-]{subsection.5.149}{Not\040Equals}{section.5}% 159
\BOOKMARK [2][-]{subsection.5.150}{Exact\040Equals}{section.5}% 160
\BOOKMARK [2][-]{subsection.5.151}{Not\040Greater}{section.5}% 161
\BOOKMARK [2][-]{subsection.5.152}{Not\040Less}{section.5}% 162
\BOOKMARK [2][-]{subsection.5.153}{Make\040Greater}{section.5}% 163
\BOOKMARK [2][-]{subsection.5.154}{Make\040Less}{section.5}% 164
\BOOKMARK [2][-]{subsection.5.155}{Subset}{section.5}% 165
\BOOKMARK [2][-]{subsection.5.156}{Superset}{section.5}% 166
\BOOKMARK [2][-]{subsection.5.157}{Make\040Superset}{section.5}% 167
\BOOKMARK [2][-]{subsection.5.158}{Make\040Subset}{section.5}% 168
\BOOKMARK [2][-]{subsection.5.159}{Join}{section.5}% 169
\BOOKMARK [2][-]{subsection.5.160}{Proportional}{section.5}% 170
\BOOKMARK [2][-]{subsection.5.161}{Super\040Zero}{section.5}% 171
\BOOKMARK [2][-]{subsection.5.162}{Super\040One}{section.5}% 172
\BOOKMARK [2][-]{subsection.5.163}{Super\040Two}{section.5}% 173
\BOOKMARK [2][-]{subsection.5.164}{Super\040Three}{section.5}% 174
\BOOKMARK [2][-]{subsection.5.165}{Super\040Four}{section.5}% 175
\BOOKMARK [2][-]{subsection.5.166}{Super\040Five}{section.5}% 176
\BOOKMARK [2][-]{subsection.5.167}{Super\040Six}{section.5}% 177
\BOOKMARK [2][-]{subsection.5.168}{Super\040Seven}{section.5}% 178
\BOOKMARK [2][-]{subsection.5.169}{Super\040Eight}{section.5}% 179
\BOOKMARK [2][-]{subsection.5.170}{Super\040Nine}{section.5}% 180
\BOOKMARK [2][-]{subsection.5.171}{Super\040Minus}{section.5}% 181
\BOOKMARK [2][-]{subsection.5.172}{Left}{section.5}% 182
\BOOKMARK [2][-]{subsection.5.173}{Up}{section.5}% 183
\BOOKMARK [2][-]{subsection.5.174}{Right}{section.5}% 184
\BOOKMARK [2][-]{subsection.5.175}{Down}{section.5}% 185
\BOOKMARK [2][-]{subsection.5.176}{Loop}{section.5}% 186
\BOOKMARK [2][-]{subsection.5.177}{Sub\0400}{section.5}% 187
\BOOKMARK [2][-]{subsection.5.178}{Sub\0401}{section.5}% 188
\BOOKMARK [2][-]{subsection.5.179}{Sub\0402}{section.5}% 189
\BOOKMARK [2][-]{subsection.5.180}{Sub\0403}{section.5}% 190
\BOOKMARK [2][-]{subsection.5.181}{Sub\0404}{section.5}% 191
\BOOKMARK [2][-]{subsection.5.182}{Sub\0405}{section.5}% 192
\BOOKMARK [2][-]{subsection.5.183}{Sub\0406}{section.5}% 193
\BOOKMARK [2][-]{subsection.5.184}{Sub\0407}{section.5}% 194
\BOOKMARK [2][-]{subsection.5.185}{Sub\0408}{section.5}% 195
\BOOKMARK [2][-]{subsection.5.186}{Sub\0409}{section.5}% 196
\BOOKMARK [2][-]{subsection.5.187}{Necessarily}{section.5}% 197
\BOOKMARK [2][-]{subsection.5.188}{Possibly}{section.5}% 198
\BOOKMARK [2][-]{subsection.5.189}{Impossibly}{section.5}% 199
\BOOKMARK [2][-]{subsection.5.190}{True}{section.5}% 200
\BOOKMARK [2][-]{subsection.5.191}{False}{section.5}% 201
\BOOKMARK [2][-]{subsection.5.192}{Proves}{section.5}% 202
\BOOKMARK [2][-]{subsection.5.193}{Half}{section.5}% 203
\BOOKMARK [2][-]{subsection.5.194}{Delete}{section.5}% 204
\BOOKMARK [2][-]{subsection.5.195}{Stop}{section.5}% 205
\BOOKMARK [2][-]{subsection.5.196}{Primorial}{section.5}% 206
\BOOKMARK [2][-]{subsection.5.197}{Dagger}{section.5}% 207
\BOOKMARK [2][-]{subsection.5.198}{Double\040Dagger}{section.5}% 208
\BOOKMARK [2][-]{subsection.5.199}{Bullet}{section.5}% 209
\BOOKMARK [2][-]{subsection.5.200}{Begin\040Function}{section.5}% 210
\BOOKMARK [2][-]{subsection.5.201}{End\040Function}{section.5}% 211
\BOOKMARK [2][-]{subsection.5.202}{Begin\040String}{section.5}% 212
\BOOKMARK [2][-]{subsection.5.203}{End\040String}{section.5}% 213
\BOOKMARK [2][-]{subsection.5.204}{Flatten}{section.5}% 214
\BOOKMARK [2][-]{subsection.5.205}{Expand}{section.5}% 215
\BOOKMARK [2][-]{subsection.5.206}{Ascending}{section.5}% 216
\BOOKMARK [2][-]{subsection.5.207}{Descending}{section.5}% 217
\BOOKMARK [2][-]{subsection.5.208}{Graph}{section.5}% 218
\BOOKMARK [2][-]{subsection.5.209}{One}{section.5}% 219
\BOOKMARK [2][-]{subsection.5.210}{Two}{section.5}% 220
\BOOKMARK [2][-]{subsection.5.211}{Three}{section.5}% 221
\BOOKMARK [2][-]{subsection.5.212}{Four}{section.5}% 222
\BOOKMARK [2][-]{subsection.5.213}{Five}{section.5}% 223
\BOOKMARK [2][-]{subsection.5.214}{Six}{section.5}% 224
\BOOKMARK [2][-]{subsection.5.215}{Seven}{section.5}% 225
\BOOKMARK [2][-]{subsection.5.216}{Eight}{section.5}% 226
\BOOKMARK [2][-]{subsection.5.217}{Nine}{section.5}% 227
\BOOKMARK [2][-]{subsection.5.218}{Ten}{section.5}% 228
\BOOKMARK [2][-]{subsection.5.219}{Eleven}{section.5}% 229
\BOOKMARK [2][-]{subsection.5.220}{Twelve}{section.5}% 230
\BOOKMARK [2][-]{subsection.5.221}{Fifty}{section.5}% 231
\BOOKMARK [2][-]{subsection.5.222}{Hundred}{section.5}% 232
\BOOKMARK [2][-]{subsection.5.223}{Five\040Hundred}{section.5}% 233
\BOOKMARK [2][-]{subsection.5.224}{Thousand}{section.5}% 234
\BOOKMARK [2][-]{subsection.5.225}{Alpha}{section.5}% 235
\BOOKMARK [2][-]{subsection.5.226}{Beta}{section.5}% 236
\BOOKMARK [2][-]{subsection.5.227}{Five\040Thousand}{section.5}% 237
\BOOKMARK [2][-]{subsection.5.228}{Ten\040Thousand}{section.5}% 238
\BOOKMARK [2][-]{subsection.5.229}{Fifty\040Thousand}{section.5}% 239
\BOOKMARK [2][-]{subsection.5.230}{Hundred\040Thousand}{section.5}% 240
\BOOKMARK [2][-]{subsection.5.231}{Pop}{section.5}% 241
\BOOKMARK [2][-]{subsection.5.232}{Push}{section.5}% 242
\BOOKMARK [2][-]{subsection.5.233}{Delta}{section.5}% 243
\BOOKMARK [2][-]{subsection.5.234}{Gamma}{section.5}% 244
\BOOKMARK [2][-]{subsection.5.235}{Theta}{section.5}% 245
\BOOKMARK [2][-]{subsection.5.236}{Lambda}{section.5}% 246
\BOOKMARK [2][-]{subsection.5.237}{Xi}{section.5}% 247
\BOOKMARK [2][-]{subsection.5.238}{Phi}{section.5}% 248
\BOOKMARK [2][-]{subsection.5.239}{Psi}{section.5}% 249
\BOOKMARK [2][-]{subsection.5.240}{Omega}{section.5}% 250
\BOOKMARK [2][-]{subsection.5.241}{Complex}{section.5}% 251
\BOOKMARK [2][-]{subsection.5.242}{Quaternion}{section.5}% 252
\BOOKMARK [2][-]{subsection.5.243}{Natural}{section.5}% 253
\BOOKMARK [2][-]{subsection.5.244}{Prime}{section.5}% 254
\BOOKMARK [2][-]{subsection.5.245}{Rational}{section.5}% 255
\BOOKMARK [2][-]{subsection.5.246}{Real}{section.5}% 256
\BOOKMARK [2][-]{subsection.5.247}{Integer}{section.5}% 257
\BOOKMARK [2][-]{subsection.5.248}{Pi}{section.5}% 258
\BOOKMARK [2][-]{subsection.5.249}{Euler}{section.5}% 259
\BOOKMARK [2][-]{subsection.5.250}{Aleph}{section.5}% 260
\BOOKMARK [2][-]{subsection.5.251}{Prescribe}{section.5}% 261
\BOOKMARK [2][-]{subsection.5.252}{Oplus}{section.5}% 262
\BOOKMARK [2][-]{subsection.5.253}{Ominus}{section.5}% 263
\BOOKMARK [2][-]{subsection.5.254}{Otimes}{section.5}% 264
\BOOKMARK [2][-]{subsection.5.255}{Odivide}{section.5}% 265
\BOOKMARK [2][-]{subsection.5.256}{Oequals}{section.5}% 266
\BOOKMARK [1][-]{section.6}{Examples}{}% 267
